<?xml version="1.0" encoding="UTF-8"?>
<testsuite name="TicTacToeShould" tests="1" skipped="0" failures="0" errors="0" timestamp="2019-07-01T07:27:56" hostname="Damians-MacBook-Pro.local" time="0.042">
  <properties/>
  <testcase name="be_Winner_Player_X_When_Has_Three_Symbols_Inverse_Diagonally_Inline" classname="TicTacToeShould" time="0.042"/>
  <system-out><![CDATA[]]></system-out>
  <system-err><![CDATA[]]></system-err>
</testsuite>
